<?xml version="1.0" encoding="UTF-8"?>
<!-- Generated by org.testng.reporters.JUnitReportReporter -->
<testsuite hostname="oz" failures="0" tests="1" name="sample.SampleTest" time="0.068" errors="0" timestamp="2023-01-04T07:43:11 IST" skipped="0">
  <testcase classname="sample.SampleTest" name="testA" time="0.068"/>
  <system-out/>
</testsuite> <!-- sample.SampleTest -->
