<?xml version="1.0" encoding="UTF-8"?>
<!-- Generated by org.testng.reporters.JUnitReportReporter -->
<testsuite hostname="oz" failures="0" tests="1" name="sample.SampleTest" time="0.080" errors="0" timestamp="2023-01-03T23:49:33 IST" skipped="0">
  <testcase classname="sample.SampleTest" name="testA" time="0.080"/>
  <system-out/>
</testsuite> <!-- sample.SampleTest -->
