<?xml version="1.0" encoding="UTF-8"?>
<!-- Generated by org.testng.reporters.JUnitReportReporter -->
<testsuite hostname="oz" failures="0" tests="2" name="sample.SampleTest" time="175.377" errors="0" timestamp="2023-01-04T02:11:57 IST" skipped="0">
  <testcase classname="sample.SampleTest" name="testA" time="0.006"/>
  <system-out/>
  <testcase classname="sample.SampleTest" name="playwright" time="175.371"/>
  <system-out/>
</testsuite> <!-- sample.SampleTest -->
