<?xml version="1.0" encoding="UTF-8"?>
<!-- Generated by org.testng.reporters.JUnitReportReporter -->
<testsuite hostname="oz" failures="0" tests="1" name="sample.SampleTest2" time="0.104" errors="0" timestamp="2023-01-02T21:32:42 IST" skipped="0">
  <testcase classname="sample.SampleTest2" name="testA" time="0.104"/>
  <system-out/>
</testsuite> <!-- sample.SampleTest2 -->
