<?xml version="1.0" encoding="UTF-8"?>
<!-- Generated by org.testng.reporters.JUnitReportReporter -->
<testsuite hostname="oz" failures="0" tests="1" name="sample.SampleTest" time="0.106" errors="0" timestamp="2023-01-04T00:08:51 IST" skipped="0">
  <testcase classname="sample.SampleTest" name="testA" time="0.106"/>
  <system-out/>
</testsuite> <!-- sample.SampleTest -->
