<?xml version="1.0" encoding="UTF-8"?>
<!-- Generated by org.testng.reporters.JUnitReportReporter -->
<testsuite hostname="oz" failures="0" tests="3" name="sample.SampleTest" time="0.294" errors="0" timestamp="2023-01-02T21:32:42 IST" skipped="0">
  <testcase classname="sample.SampleTest" name="testA" time="0.098"/>
  <system-out/>
  <testcase classname="sample.SampleTest" name="testA" time="0.098"/>
  <system-out/>
  <testcase classname="sample.SampleTest" name="testA" time="0.098"/>
  <system-out/>
</testsuite> <!-- sample.SampleTest -->
